Terminals unused in grammar

    TOKEN_MULTICOM
    TOKEN_COMMENT
    TOKEN_FININPUT


Grammar

    0 $accept: program $end

    1 program: TOKEN_DECLARE bloc_declaration TOKEN_START bloc_code TOKEN_STOP

    2 bloc_code: instruction bloc_code
    3          | %empty
    4          | error bloc_code

    5 bloc_declaration: DECLARE bloc_declaration
    6                 | %empty

    7 instruction: affectation
    8            | lecture
    9            | ecriture
   10            | conditionnel
   11            | while
   12            | for

   13 affectation: variable_name TOKEN_ASSIGN expression FININSTR
   14            | variable_name TOKEN_ASSIGN TOKEN_CHAR FININSTR

   15 variable_name: TOKEN_ID
   16              | TOKEN_ID CROCHET_G expression_arithmetique CROCHET_D
   17              | TOKEN_ID TOKEN_ACSTRUCT TOKEN_ID

   18 DECLARE: TOKEN_ID NUM FININSTR
   19        | TOKEN_ID BOOL FININSTR
   20        | TOKEN_ID CHAR FININSTR
   21        | TOKEN_CONST TOKEN_ID TOKEN_NUMBER FININSTR
   22        | TOKEN_CONST TOKEN_ID TOKEN_TRUE FININSTR
   23        | TOKEN_CONST TOKEN_ID TOKEN_FALSE FININSTR
   24        | TOKEN_CONST TOKEN_ID TOKEN_CHAR FININSTR
   25        | TOKEN_CONST TOKEN_ID TOKEN_TEXT FININSTR
   26        | TOKEN_ID NUM CROCHET_G TOKEN_NUMBER CROCHET_D FININSTR
   27        | TOKEN_ID BOOL CROCHET_G TOKEN_NUMBER CROCHET_D FININSTR
   28        | TOKEN_ID CHAR CROCHET_G TOKEN_NUMBER CROCHET_D FININSTR
   29        | TOKEN_ID TOKEN_ID CROCHET_G TOKEN_NUMBER CROCHET_D FININSTR
   30        | TOKEN_ID TOKEN_ID FININSTR
   31        | TOKEN_STRUCT TOKEN_ID ACCOLAD_G LISTE ACCOLAD_D FININSTR

   32 LISTE: %empty
   33      | LISTE CHAMP

   34 CHAMP: TOKEN_ID NUM FININSTR
   35      | TOKEN_ID BOOL FININSTR
   36      | TOKEN_ID CHAR FININSTR
   37      | TOKEN_ID NUM CROCHET_G TOKEN_NUMBER CROCHET_D FININSTR
   38      | TOKEN_ID BOOL CROCHET_G TOKEN_NUMBER CROCHET_D FININSTR
   39      | TOKEN_ID CHAR CROCHET_G TOKEN_NUMBER CROCHET_D FININSTR
   40      | TOKEN_ID TOKEN_ID CROCHET_G TOKEN_NUMBER CROCHET_D FININSTR
   41      | TOKEN_ID TOKEN_ID FININSTR

   42 expression: expression_arithmetique
   43           | ExpBool

   44 expression_arithmetique: TOKEN_NUMBER
   45                        | addition
   46                        | soustraction
   47                        | multiplication
   48                        | division
   49                        | modulo
   50                        | PARENTHESE_G expression_arithmetique PARENTHESE_D

   51 addition: expression_arithmetique TOKEN_ADD expression_arithmetique

   52 soustraction: expression_arithmetique TOKEN_SOUSTR expression_arithmetique

   53 multiplication: expression_arithmetique TOKEN_MULT expression_arithmetique

   54 division: expression_arithmetique TOKEN_DIVIS expression_arithmetique

   55 modulo: expression_arithmetique TOKEN_MOD expression_arithmetique

   56 ecriture: TOKEN_WRITE variable_name FININSTR
   57         | TOKEN_WRITE TOKEN_TEXT FININSTR

   58 lecture: TOKEN_READ variable_name FININSTR

   59 while: TOKEN_WHILE ExpBool TOKEN_BEGIN bloc_code END

   60 for: TOKEN_FOR TOKEN_ID TOKEN_FROM TOKEN_NUMBER TOKEN_COMMA TOKEN_NUMBER TOKEN_BEGIN bloc_code END
   61    | TOKEN_FOR TOKEN_ID TOKEN_IN TOKEN_ID TOKEN_BEGIN bloc_code END

   62 conditionnel: TOKEN_IF ExpBool TOKEN_BEGIN bloc_code END
   63             | TOKEN_IF ExpBool TOKEN_BEGIN bloc_code TOKEN_ELSE bloc_code END

   64 ExpBool: variable_name
   65        | Comparaison
   66        | TOKEN_FALSE
   67        | TOKEN_TRUE
   68        | PARENTHESE_G ExpBool PARENTHESE_D
   69        | TOKEN_NOT ExpBool
   70        | ExpBool TOKEN_AND ExpBool
   71        | ExpBool TOKEN_OR ExpBool

   72 Comparaison: comparable TOKEN_EGAL comparable
   73            | comparable TOKEN_DIFF comparable
   74            | comparable TOKEN_SUP comparable
   75            | comparable TOKEN_SUPEGAL comparable
   76            | comparable TOKEN_INF comparable
   77            | comparable TOKEN_INFEGAL comparable

   78 comparable: TOKEN_NUMBER
   79           | variable_name


Terminals, with rules where they appear

    $end (0) 0
    error (256) 4
    TOKEN_ADD (258) 51
    TOKEN_SOUSTR (259) 52
    TOKEN_OR (260) 71
    TOKEN_MULT (261) 53
    TOKEN_DIVIS (262) 54
    TOKEN_AND (263) 70
    TOKEN_NOT (264) 69
    TOKEN_MOD (265) 55
    PARENTHESE_G (266) 50 68
    PARENTHESE_D (267) 50 68
    TOKEN_MULTICOM (268)
    TOKEN_COMMENT (269)
    TOKEN_CHAR <CHARACTER> (270) 14 24
    TOKEN_TEXT <text> (271) 25 57
    TOKEN_NUMBER <num> (272) 21 26 27 28 29 37 38 39 40 44 60 78
    TOKEN_FALSE <BOOLEAN> (273) 23 66
    TOKEN_TRUE <BOOLEAN> (274) 22 67
    TOKEN_DECLARE (275) 1
    TOKEN_CONST (276) 21 22 23 24 25
    TOKEN_START (277) 1
    TOKEN_STOP (278) 1
    TOKEN_STRUCT (279) 31
    TOKEN_READ (280) 58
    TOKEN_WRITE (281) 56 57
    TOKEN_IF (282) 62 63
    TOKEN_ELSE (283) 63
    TOKEN_FOR (284) 60 61
    TOKEN_IN (285) 61
    TOKEN_FROM (286) 60
    TOKEN_WHILE (287) 59
    TOKEN_ASSIGN (288) 13 14
    NUM (289) 18 26 34 37
    BOOL (290) 19 27 35 38
    CHAR (291) 20 28 36 39
    FININSTR (292) 13 14 18 19 20 21 22 23 24 25 26 27 28 29 30 31 34 35 36 37 38 39 40 41 56 57 58
    ACCOLAD_G (293) 31
    ACCOLAD_D (294) 31
    TOKEN_BEGIN (295) 59 60 61 62 63
    END (296) 59 60 61 62 63
    TOKEN_INF (297) 76
    TOKEN_SUP (298) 74
    TOKEN_INFEGAL (299) 77
    TOKEN_SUPEGAL (300) 75
    TOKEN_EGAL (301) 72
    TOKEN_DIFF (302) 73
    TOKEN_COMMA (303) 60
    TOKEN_ACSTRUCT (304) 17
    TOKEN_ID <text> (305) 15 16 17 18 19 20 21 22 23 24 25 26 27 28 29 30 31 34 35 36 37 38 39 40 41 60 61
    TOKEN_FININPUT (306)
    CROCHET_G (307) 16 26 27 28 29 37 38 39 40
    CROCHET_D (308) 16 26 27 28 29 37 38 39 40


Nonterminals, with rules where they appear

    $accept (54)
        on left: 0
    program (55)
        on left: 1
        on right: 0
    bloc_code (56)
        on left: 2 3 4
        on right: 1 2 4 59 60 61 62 63
    bloc_declaration (57)
        on left: 5 6
        on right: 1 5
    instruction <text> (58)
        on left: 7 8 9 10 11 12
        on right: 2
    affectation <text> (59)
        on left: 13 14
        on right: 7
    variable_name <text> (60)
        on left: 15 16 17
        on right: 13 14 56 58 64 79
    DECLARE <text> (61)
        on left: 18 19 20 21 22 23 24 25 26 27 28 29 30 31
        on right: 5
    LISTE <text> (62)
        on left: 32 33
        on right: 31 33
    CHAMP <text> (63)
        on left: 34 35 36 37 38 39 40 41
        on right: 33
    expression (64)
        on left: 42 43
        on right: 13
    expression_arithmetique <num> (65)
        on left: 44 45 46 47 48 49 50
        on right: 16 42 50 51 52 53 54 55
    addition <num> (66)
        on left: 51
        on right: 45
    soustraction <num> (67)
        on left: 52
        on right: 46
    multiplication <num> (68)
        on left: 53
        on right: 47
    division <num> (69)
        on left: 54
        on right: 48
    modulo <num> (70)
        on left: 55
        on right: 49
    ecriture <text> (71)
        on left: 56 57
        on right: 9
    lecture <text> (72)
        on left: 58
        on right: 8
    while <text> (73)
        on left: 59
        on right: 11
    for <text> (74)
        on left: 60 61
        on right: 12
    conditionnel <text> (75)
        on left: 62 63
        on right: 10
    ExpBool <BOOLEAN> (76)
        on left: 64 65 66 67 68 69 70 71
        on right: 43 59 62 63 68 69 70 71
    Comparaison <BOOLEAN> (77)
        on left: 72 73 74 75 76 77
        on right: 65
    comparable <num> (78)
        on left: 78 79
        on right: 72 73 74 75 76 77


State 0

    0 $accept: . program $end

    TOKEN_DECLARE  shift, and go to state 1

    program  go to state 2


State 1

    1 program: TOKEN_DECLARE . bloc_declaration TOKEN_START bloc_code TOKEN_STOP

    TOKEN_CONST   shift, and go to state 3
    TOKEN_STRUCT  shift, and go to state 4
    TOKEN_ID      shift, and go to state 5

    $default  reduce using rule 6 (bloc_declaration)

    bloc_declaration  go to state 6
    DECLARE           go to state 7


State 2

    0 $accept: program . $end

    $end  shift, and go to state 8


State 3

   21 DECLARE: TOKEN_CONST . TOKEN_ID TOKEN_NUMBER FININSTR
   22        | TOKEN_CONST . TOKEN_ID TOKEN_TRUE FININSTR
   23        | TOKEN_CONST . TOKEN_ID TOKEN_FALSE FININSTR
   24        | TOKEN_CONST . TOKEN_ID TOKEN_CHAR FININSTR
   25        | TOKEN_CONST . TOKEN_ID TOKEN_TEXT FININSTR

    TOKEN_ID  shift, and go to state 9


State 4

   31 DECLARE: TOKEN_STRUCT . TOKEN_ID ACCOLAD_G LISTE ACCOLAD_D FININSTR

    TOKEN_ID  shift, and go to state 10


State 5

   18 DECLARE: TOKEN_ID . NUM FININSTR
   19        | TOKEN_ID . BOOL FININSTR
   20        | TOKEN_ID . CHAR FININSTR
   26        | TOKEN_ID . NUM CROCHET_G TOKEN_NUMBER CROCHET_D FININSTR
   27        | TOKEN_ID . BOOL CROCHET_G TOKEN_NUMBER CROCHET_D FININSTR
   28        | TOKEN_ID . CHAR CROCHET_G TOKEN_NUMBER CROCHET_D FININSTR
   29        | TOKEN_ID . TOKEN_ID CROCHET_G TOKEN_NUMBER CROCHET_D FININSTR
   30        | TOKEN_ID . TOKEN_ID FININSTR

    NUM       shift, and go to state 11
    BOOL      shift, and go to state 12
    CHAR      shift, and go to state 13
    TOKEN_ID  shift, and go to state 14


State 6

    1 program: TOKEN_DECLARE bloc_declaration . TOKEN_START bloc_code TOKEN_STOP

    TOKEN_START  shift, and go to state 15


State 7

    5 bloc_declaration: DECLARE . bloc_declaration

    TOKEN_CONST   shift, and go to state 3
    TOKEN_STRUCT  shift, and go to state 4
    TOKEN_ID      shift, and go to state 5

    $default  reduce using rule 6 (bloc_declaration)

    bloc_declaration  go to state 16
    DECLARE           go to state 7


State 8

    0 $accept: program $end .

    $default  accept


State 9

   21 DECLARE: TOKEN_CONST TOKEN_ID . TOKEN_NUMBER FININSTR
   22        | TOKEN_CONST TOKEN_ID . TOKEN_TRUE FININSTR
   23        | TOKEN_CONST TOKEN_ID . TOKEN_FALSE FININSTR
   24        | TOKEN_CONST TOKEN_ID . TOKEN_CHAR FININSTR
   25        | TOKEN_CONST TOKEN_ID . TOKEN_TEXT FININSTR

    TOKEN_CHAR    shift, and go to state 17
    TOKEN_TEXT    shift, and go to state 18
    TOKEN_NUMBER  shift, and go to state 19
    TOKEN_FALSE   shift, and go to state 20
    TOKEN_TRUE    shift, and go to state 21


State 10

   31 DECLARE: TOKEN_STRUCT TOKEN_ID . ACCOLAD_G LISTE ACCOLAD_D FININSTR

    ACCOLAD_G  shift, and go to state 22


State 11

   18 DECLARE: TOKEN_ID NUM . FININSTR
   26        | TOKEN_ID NUM . CROCHET_G TOKEN_NUMBER CROCHET_D FININSTR

    FININSTR   shift, and go to state 23
    CROCHET_G  shift, and go to state 24


State 12

   19 DECLARE: TOKEN_ID BOOL . FININSTR
   27        | TOKEN_ID BOOL . CROCHET_G TOKEN_NUMBER CROCHET_D FININSTR

    FININSTR   shift, and go to state 25
    CROCHET_G  shift, and go to state 26


State 13

   20 DECLARE: TOKEN_ID CHAR . FININSTR
   28        | TOKEN_ID CHAR . CROCHET_G TOKEN_NUMBER CROCHET_D FININSTR

    FININSTR   shift, and go to state 27
    CROCHET_G  shift, and go to state 28


State 14

   29 DECLARE: TOKEN_ID TOKEN_ID . CROCHET_G TOKEN_NUMBER CROCHET_D FININSTR
   30        | TOKEN_ID TOKEN_ID . FININSTR

    FININSTR   shift, and go to state 29
    CROCHET_G  shift, and go to state 30


State 15

    1 program: TOKEN_DECLARE bloc_declaration TOKEN_START . bloc_code TOKEN_STOP

    error        shift, and go to state 31
    TOKEN_READ   shift, and go to state 32
    TOKEN_WRITE  shift, and go to state 33
    TOKEN_IF     shift, and go to state 34
    TOKEN_FOR    shift, and go to state 35
    TOKEN_WHILE  shift, and go to state 36
    TOKEN_ID     shift, and go to state 37

    TOKEN_STOP  reduce using rule 3 (bloc_code)

    bloc_code      go to state 38
    instruction    go to state 39
    affectation    go to state 40
    variable_name  go to state 41
    ecriture       go to state 42
    lecture        go to state 43
    while          go to state 44
    for            go to state 45
    conditionnel   go to state 46


State 16

    5 bloc_declaration: DECLARE bloc_declaration .

    $default  reduce using rule 5 (bloc_declaration)


State 17

   24 DECLARE: TOKEN_CONST TOKEN_ID TOKEN_CHAR . FININSTR

    FININSTR  shift, and go to state 47


State 18

   25 DECLARE: TOKEN_CONST TOKEN_ID TOKEN_TEXT . FININSTR

    FININSTR  shift, and go to state 48


State 19

   21 DECLARE: TOKEN_CONST TOKEN_ID TOKEN_NUMBER . FININSTR

    FININSTR  shift, and go to state 49


State 20

   23 DECLARE: TOKEN_CONST TOKEN_ID TOKEN_FALSE . FININSTR

    FININSTR  shift, and go to state 50


State 21

   22 DECLARE: TOKEN_CONST TOKEN_ID TOKEN_TRUE . FININSTR

    FININSTR  shift, and go to state 51


State 22

   31 DECLARE: TOKEN_STRUCT TOKEN_ID ACCOLAD_G . LISTE ACCOLAD_D FININSTR

    $default  reduce using rule 32 (LISTE)

    LISTE  go to state 52


State 23

   18 DECLARE: TOKEN_ID NUM FININSTR .

    $default  reduce using rule 18 (DECLARE)


State 24

   26 DECLARE: TOKEN_ID NUM CROCHET_G . TOKEN_NUMBER CROCHET_D FININSTR

    TOKEN_NUMBER  shift, and go to state 53


State 25

   19 DECLARE: TOKEN_ID BOOL FININSTR .

    $default  reduce using rule 19 (DECLARE)


State 26

   27 DECLARE: TOKEN_ID BOOL CROCHET_G . TOKEN_NUMBER CROCHET_D FININSTR

    TOKEN_NUMBER  shift, and go to state 54


State 27

   20 DECLARE: TOKEN_ID CHAR FININSTR .

    $default  reduce using rule 20 (DECLARE)


State 28

   28 DECLARE: TOKEN_ID CHAR CROCHET_G . TOKEN_NUMBER CROCHET_D FININSTR

    TOKEN_NUMBER  shift, and go to state 55


State 29

   30 DECLARE: TOKEN_ID TOKEN_ID FININSTR .

    $default  reduce using rule 30 (DECLARE)


State 30

   29 DECLARE: TOKEN_ID TOKEN_ID CROCHET_G . TOKEN_NUMBER CROCHET_D FININSTR

    TOKEN_NUMBER  shift, and go to state 56


State 31

    4 bloc_code: error . bloc_code

    error        shift, and go to state 31
    TOKEN_READ   shift, and go to state 32
    TOKEN_WRITE  shift, and go to state 33
    TOKEN_IF     shift, and go to state 34
    TOKEN_FOR    shift, and go to state 35
    TOKEN_WHILE  shift, and go to state 36
    TOKEN_ID     shift, and go to state 37

    TOKEN_STOP  reduce using rule 3 (bloc_code)
    TOKEN_ELSE  reduce using rule 3 (bloc_code)
    END         reduce using rule 3 (bloc_code)

    bloc_code      go to state 57
    instruction    go to state 39
    affectation    go to state 40
    variable_name  go to state 41
    ecriture       go to state 42
    lecture        go to state 43
    while          go to state 44
    for            go to state 45
    conditionnel   go to state 46


State 32

   58 lecture: TOKEN_READ . variable_name FININSTR

    TOKEN_ID  shift, and go to state 37

    variable_name  go to state 58


State 33

   56 ecriture: TOKEN_WRITE . variable_name FININSTR
   57         | TOKEN_WRITE . TOKEN_TEXT FININSTR

    TOKEN_TEXT  shift, and go to state 59
    TOKEN_ID    shift, and go to state 37

    variable_name  go to state 60


State 34

   62 conditionnel: TOKEN_IF . ExpBool TOKEN_BEGIN bloc_code END
   63             | TOKEN_IF . ExpBool TOKEN_BEGIN bloc_code TOKEN_ELSE bloc_code END

    TOKEN_NOT     shift, and go to state 61
    PARENTHESE_G  shift, and go to state 62
    TOKEN_NUMBER  shift, and go to state 63
    TOKEN_FALSE   shift, and go to state 64
    TOKEN_TRUE    shift, and go to state 65
    TOKEN_ID      shift, and go to state 37

    variable_name  go to state 66
    ExpBool        go to state 67
    Comparaison    go to state 68
    comparable     go to state 69


State 35

   60 for: TOKEN_FOR . TOKEN_ID TOKEN_FROM TOKEN_NUMBER TOKEN_COMMA TOKEN_NUMBER TOKEN_BEGIN bloc_code END
   61    | TOKEN_FOR . TOKEN_ID TOKEN_IN TOKEN_ID TOKEN_BEGIN bloc_code END

    TOKEN_ID  shift, and go to state 70


State 36

   59 while: TOKEN_WHILE . ExpBool TOKEN_BEGIN bloc_code END

    TOKEN_NOT     shift, and go to state 61
    PARENTHESE_G  shift, and go to state 62
    TOKEN_NUMBER  shift, and go to state 63
    TOKEN_FALSE   shift, and go to state 64
    TOKEN_TRUE    shift, and go to state 65
    TOKEN_ID      shift, and go to state 37

    variable_name  go to state 66
    ExpBool        go to state 71
    Comparaison    go to state 68
    comparable     go to state 69


State 37

   15 variable_name: TOKEN_ID .
   16              | TOKEN_ID . CROCHET_G expression_arithmetique CROCHET_D
   17              | TOKEN_ID . TOKEN_ACSTRUCT TOKEN_ID

    TOKEN_ACSTRUCT  shift, and go to state 72
    CROCHET_G       shift, and go to state 73

    $default  reduce using rule 15 (variable_name)


State 38

    1 program: TOKEN_DECLARE bloc_declaration TOKEN_START bloc_code . TOKEN_STOP

    TOKEN_STOP  shift, and go to state 74


State 39

    2 bloc_code: instruction . bloc_code

    error        shift, and go to state 31
    TOKEN_READ   shift, and go to state 32
    TOKEN_WRITE  shift, and go to state 33
    TOKEN_IF     shift, and go to state 34
    TOKEN_FOR    shift, and go to state 35
    TOKEN_WHILE  shift, and go to state 36
    TOKEN_ID     shift, and go to state 37

    TOKEN_STOP  reduce using rule 3 (bloc_code)
    TOKEN_ELSE  reduce using rule 3 (bloc_code)
    END         reduce using rule 3 (bloc_code)

    bloc_code      go to state 75
    instruction    go to state 39
    affectation    go to state 40
    variable_name  go to state 41
    ecriture       go to state 42
    lecture        go to state 43
    while          go to state 44
    for            go to state 45
    conditionnel   go to state 46


State 40

    7 instruction: affectation .

    $default  reduce using rule 7 (instruction)


State 41

   13 affectation: variable_name . TOKEN_ASSIGN expression FININSTR
   14            | variable_name . TOKEN_ASSIGN TOKEN_CHAR FININSTR

    TOKEN_ASSIGN  shift, and go to state 76


State 42

    9 instruction: ecriture .

    $default  reduce using rule 9 (instruction)


State 43

    8 instruction: lecture .

    $default  reduce using rule 8 (instruction)


State 44

   11 instruction: while .

    $default  reduce using rule 11 (instruction)


State 45

   12 instruction: for .

    $default  reduce using rule 12 (instruction)


State 46

   10 instruction: conditionnel .

    $default  reduce using rule 10 (instruction)


State 47

   24 DECLARE: TOKEN_CONST TOKEN_ID TOKEN_CHAR FININSTR .

    $default  reduce using rule 24 (DECLARE)


State 48

   25 DECLARE: TOKEN_CONST TOKEN_ID TOKEN_TEXT FININSTR .

    $default  reduce using rule 25 (DECLARE)


State 49

   21 DECLARE: TOKEN_CONST TOKEN_ID TOKEN_NUMBER FININSTR .

    $default  reduce using rule 21 (DECLARE)


State 50

   23 DECLARE: TOKEN_CONST TOKEN_ID TOKEN_FALSE FININSTR .

    $default  reduce using rule 23 (DECLARE)


State 51

   22 DECLARE: TOKEN_CONST TOKEN_ID TOKEN_TRUE FININSTR .

    $default  reduce using rule 22 (DECLARE)


State 52

   31 DECLARE: TOKEN_STRUCT TOKEN_ID ACCOLAD_G LISTE . ACCOLAD_D FININSTR
   33 LISTE: LISTE . CHAMP

    ACCOLAD_D  shift, and go to state 77
    TOKEN_ID   shift, and go to state 78

    CHAMP  go to state 79


State 53

   26 DECLARE: TOKEN_ID NUM CROCHET_G TOKEN_NUMBER . CROCHET_D FININSTR

    CROCHET_D  shift, and go to state 80


State 54

   27 DECLARE: TOKEN_ID BOOL CROCHET_G TOKEN_NUMBER . CROCHET_D FININSTR

    CROCHET_D  shift, and go to state 81


State 55

   28 DECLARE: TOKEN_ID CHAR CROCHET_G TOKEN_NUMBER . CROCHET_D FININSTR

    CROCHET_D  shift, and go to state 82


State 56

   29 DECLARE: TOKEN_ID TOKEN_ID CROCHET_G TOKEN_NUMBER . CROCHET_D FININSTR

    CROCHET_D  shift, and go to state 83


State 57

    4 bloc_code: error bloc_code .

    $default  reduce using rule 4 (bloc_code)


State 58

   58 lecture: TOKEN_READ variable_name . FININSTR

    FININSTR  shift, and go to state 84


State 59

   57 ecriture: TOKEN_WRITE TOKEN_TEXT . FININSTR

    FININSTR  shift, and go to state 85


State 60

   56 ecriture: TOKEN_WRITE variable_name . FININSTR

    FININSTR  shift, and go to state 86


State 61

   69 ExpBool: TOKEN_NOT . ExpBool

    TOKEN_NOT     shift, and go to state 61
    PARENTHESE_G  shift, and go to state 62
    TOKEN_NUMBER  shift, and go to state 63
    TOKEN_FALSE   shift, and go to state 64
    TOKEN_TRUE    shift, and go to state 65
    TOKEN_ID      shift, and go to state 37

    variable_name  go to state 66
    ExpBool        go to state 87
    Comparaison    go to state 68
    comparable     go to state 69


State 62

   68 ExpBool: PARENTHESE_G . ExpBool PARENTHESE_D

    TOKEN_NOT     shift, and go to state 61
    PARENTHESE_G  shift, and go to state 62
    TOKEN_NUMBER  shift, and go to state 63
    TOKEN_FALSE   shift, and go to state 64
    TOKEN_TRUE    shift, and go to state 65
    TOKEN_ID      shift, and go to state 37

    variable_name  go to state 66
    ExpBool        go to state 88
    Comparaison    go to state 68
    comparable     go to state 69


State 63

   78 comparable: TOKEN_NUMBER .

    $default  reduce using rule 78 (comparable)


State 64

   66 ExpBool: TOKEN_FALSE .

    $default  reduce using rule 66 (ExpBool)


State 65

   67 ExpBool: TOKEN_TRUE .

    $default  reduce using rule 67 (ExpBool)


State 66

   64 ExpBool: variable_name .
   79 comparable: variable_name .

    TOKEN_OR      reduce using rule 64 (ExpBool)
    TOKEN_AND     reduce using rule 64 (ExpBool)
    PARENTHESE_D  reduce using rule 64 (ExpBool)
    FININSTR      reduce using rule 64 (ExpBool)
    TOKEN_BEGIN   reduce using rule 64 (ExpBool)
    $default      reduce using rule 79 (comparable)


State 67

   62 conditionnel: TOKEN_IF ExpBool . TOKEN_BEGIN bloc_code END
   63             | TOKEN_IF ExpBool . TOKEN_BEGIN bloc_code TOKEN_ELSE bloc_code END
   70 ExpBool: ExpBool . TOKEN_AND ExpBool
   71        | ExpBool . TOKEN_OR ExpBool

    TOKEN_OR     shift, and go to state 89
    TOKEN_AND    shift, and go to state 90
    TOKEN_BEGIN  shift, and go to state 91


State 68

   65 ExpBool: Comparaison .

    $default  reduce using rule 65 (ExpBool)


State 69

   72 Comparaison: comparable . TOKEN_EGAL comparable
   73            | comparable . TOKEN_DIFF comparable
   74            | comparable . TOKEN_SUP comparable
   75            | comparable . TOKEN_SUPEGAL comparable
   76            | comparable . TOKEN_INF comparable
   77            | comparable . TOKEN_INFEGAL comparable

    TOKEN_INF      shift, and go to state 92
    TOKEN_SUP      shift, and go to state 93
    TOKEN_INFEGAL  shift, and go to state 94
    TOKEN_SUPEGAL  shift, and go to state 95
    TOKEN_EGAL     shift, and go to state 96
    TOKEN_DIFF     shift, and go to state 97


State 70

   60 for: TOKEN_FOR TOKEN_ID . TOKEN_FROM TOKEN_NUMBER TOKEN_COMMA TOKEN_NUMBER TOKEN_BEGIN bloc_code END
   61    | TOKEN_FOR TOKEN_ID . TOKEN_IN TOKEN_ID TOKEN_BEGIN bloc_code END

    TOKEN_IN    shift, and go to state 98
    TOKEN_FROM  shift, and go to state 99


State 71

   59 while: TOKEN_WHILE ExpBool . TOKEN_BEGIN bloc_code END
   70 ExpBool: ExpBool . TOKEN_AND ExpBool
   71        | ExpBool . TOKEN_OR ExpBool

    TOKEN_OR     shift, and go to state 89
    TOKEN_AND    shift, and go to state 90
    TOKEN_BEGIN  shift, and go to state 100


State 72

   17 variable_name: TOKEN_ID TOKEN_ACSTRUCT . TOKEN_ID

    TOKEN_ID  shift, and go to state 101


State 73

   16 variable_name: TOKEN_ID CROCHET_G . expression_arithmetique CROCHET_D

    PARENTHESE_G  shift, and go to state 102
    TOKEN_NUMBER  shift, and go to state 103

    expression_arithmetique  go to state 104
    addition                 go to state 105
    soustraction             go to state 106
    multiplication           go to state 107
    division                 go to state 108
    modulo                   go to state 109


State 74

    1 program: TOKEN_DECLARE bloc_declaration TOKEN_START bloc_code TOKEN_STOP .

    $default  reduce using rule 1 (program)


State 75

    2 bloc_code: instruction bloc_code .

    $default  reduce using rule 2 (bloc_code)


State 76

   13 affectation: variable_name TOKEN_ASSIGN . expression FININSTR
   14            | variable_name TOKEN_ASSIGN . TOKEN_CHAR FININSTR

    TOKEN_NOT     shift, and go to state 61
    PARENTHESE_G  shift, and go to state 110
    TOKEN_CHAR    shift, and go to state 111
    TOKEN_NUMBER  shift, and go to state 112
    TOKEN_FALSE   shift, and go to state 64
    TOKEN_TRUE    shift, and go to state 65
    TOKEN_ID      shift, and go to state 37

    variable_name            go to state 66
    expression               go to state 113
    expression_arithmetique  go to state 114
    addition                 go to state 105
    soustraction             go to state 106
    multiplication           go to state 107
    division                 go to state 108
    modulo                   go to state 109
    ExpBool                  go to state 115
    Comparaison              go to state 68
    comparable               go to state 69


State 77

   31 DECLARE: TOKEN_STRUCT TOKEN_ID ACCOLAD_G LISTE ACCOLAD_D . FININSTR

    FININSTR  shift, and go to state 116


State 78

   34 CHAMP: TOKEN_ID . NUM FININSTR
   35      | TOKEN_ID . BOOL FININSTR
   36      | TOKEN_ID . CHAR FININSTR
   37      | TOKEN_ID . NUM CROCHET_G TOKEN_NUMBER CROCHET_D FININSTR
   38      | TOKEN_ID . BOOL CROCHET_G TOKEN_NUMBER CROCHET_D FININSTR
   39      | TOKEN_ID . CHAR CROCHET_G TOKEN_NUMBER CROCHET_D FININSTR
   40      | TOKEN_ID . TOKEN_ID CROCHET_G TOKEN_NUMBER CROCHET_D FININSTR
   41      | TOKEN_ID . TOKEN_ID FININSTR

    NUM       shift, and go to state 117
    BOOL      shift, and go to state 118
    CHAR      shift, and go to state 119
    TOKEN_ID  shift, and go to state 120


State 79

   33 LISTE: LISTE CHAMP .

    $default  reduce using rule 33 (LISTE)


State 80

   26 DECLARE: TOKEN_ID NUM CROCHET_G TOKEN_NUMBER CROCHET_D . FININSTR

    FININSTR  shift, and go to state 121


State 81

   27 DECLARE: TOKEN_ID BOOL CROCHET_G TOKEN_NUMBER CROCHET_D . FININSTR

    FININSTR  shift, and go to state 122


State 82

   28 DECLARE: TOKEN_ID CHAR CROCHET_G TOKEN_NUMBER CROCHET_D . FININSTR

    FININSTR  shift, and go to state 123


State 83

   29 DECLARE: TOKEN_ID TOKEN_ID CROCHET_G TOKEN_NUMBER CROCHET_D . FININSTR

    FININSTR  shift, and go to state 124


State 84

   58 lecture: TOKEN_READ variable_name FININSTR .

    $default  reduce using rule 58 (lecture)


State 85

   57 ecriture: TOKEN_WRITE TOKEN_TEXT FININSTR .

    $default  reduce using rule 57 (ecriture)


State 86

   56 ecriture: TOKEN_WRITE variable_name FININSTR .

    $default  reduce using rule 56 (ecriture)


State 87

   69 ExpBool: TOKEN_NOT ExpBool .
   70        | ExpBool . TOKEN_AND ExpBool
   71        | ExpBool . TOKEN_OR ExpBool

    $default  reduce using rule 69 (ExpBool)


State 88

   68 ExpBool: PARENTHESE_G ExpBool . PARENTHESE_D
   70        | ExpBool . TOKEN_AND ExpBool
   71        | ExpBool . TOKEN_OR ExpBool

    TOKEN_OR      shift, and go to state 89
    TOKEN_AND     shift, and go to state 90
    PARENTHESE_D  shift, and go to state 125


State 89

   71 ExpBool: ExpBool TOKEN_OR . ExpBool

    TOKEN_NOT     shift, and go to state 61
    PARENTHESE_G  shift, and go to state 62
    TOKEN_NUMBER  shift, and go to state 63
    TOKEN_FALSE   shift, and go to state 64
    TOKEN_TRUE    shift, and go to state 65
    TOKEN_ID      shift, and go to state 37

    variable_name  go to state 66
    ExpBool        go to state 126
    Comparaison    go to state 68
    comparable     go to state 69


State 90

   70 ExpBool: ExpBool TOKEN_AND . ExpBool

    TOKEN_NOT     shift, and go to state 61
    PARENTHESE_G  shift, and go to state 62
    TOKEN_NUMBER  shift, and go to state 63
    TOKEN_FALSE   shift, and go to state 64
    TOKEN_TRUE    shift, and go to state 65
    TOKEN_ID      shift, and go to state 37

    variable_name  go to state 66
    ExpBool        go to state 127
    Comparaison    go to state 68
    comparable     go to state 69


State 91

   62 conditionnel: TOKEN_IF ExpBool TOKEN_BEGIN . bloc_code END
   63             | TOKEN_IF ExpBool TOKEN_BEGIN . bloc_code TOKEN_ELSE bloc_code END

    error        shift, and go to state 31
    TOKEN_READ   shift, and go to state 32
    TOKEN_WRITE  shift, and go to state 33
    TOKEN_IF     shift, and go to state 34
    TOKEN_FOR    shift, and go to state 35
    TOKEN_WHILE  shift, and go to state 36
    TOKEN_ID     shift, and go to state 37

    TOKEN_ELSE  reduce using rule 3 (bloc_code)
    END         reduce using rule 3 (bloc_code)

    bloc_code      go to state 128
    instruction    go to state 39
    affectation    go to state 40
    variable_name  go to state 41
    ecriture       go to state 42
    lecture        go to state 43
    while          go to state 44
    for            go to state 45
    conditionnel   go to state 46


State 92

   76 Comparaison: comparable TOKEN_INF . comparable

    TOKEN_NUMBER  shift, and go to state 63
    TOKEN_ID      shift, and go to state 37

    variable_name  go to state 129
    comparable     go to state 130


State 93

   74 Comparaison: comparable TOKEN_SUP . comparable

    TOKEN_NUMBER  shift, and go to state 63
    TOKEN_ID      shift, and go to state 37

    variable_name  go to state 129
    comparable     go to state 131


State 94

   77 Comparaison: comparable TOKEN_INFEGAL . comparable

    TOKEN_NUMBER  shift, and go to state 63
    TOKEN_ID      shift, and go to state 37

    variable_name  go to state 129
    comparable     go to state 132


State 95

   75 Comparaison: comparable TOKEN_SUPEGAL . comparable

    TOKEN_NUMBER  shift, and go to state 63
    TOKEN_ID      shift, and go to state 37

    variable_name  go to state 129
    comparable     go to state 133


State 96

   72 Comparaison: comparable TOKEN_EGAL . comparable

    TOKEN_NUMBER  shift, and go to state 63
    TOKEN_ID      shift, and go to state 37

    variable_name  go to state 129
    comparable     go to state 134


State 97

   73 Comparaison: comparable TOKEN_DIFF . comparable

    TOKEN_NUMBER  shift, and go to state 63
    TOKEN_ID      shift, and go to state 37

    variable_name  go to state 129
    comparable     go to state 135


State 98

   61 for: TOKEN_FOR TOKEN_ID TOKEN_IN . TOKEN_ID TOKEN_BEGIN bloc_code END

    TOKEN_ID  shift, and go to state 136


State 99

   60 for: TOKEN_FOR TOKEN_ID TOKEN_FROM . TOKEN_NUMBER TOKEN_COMMA TOKEN_NUMBER TOKEN_BEGIN bloc_code END

    TOKEN_NUMBER  shift, and go to state 137


State 100

   59 while: TOKEN_WHILE ExpBool TOKEN_BEGIN . bloc_code END

    error        shift, and go to state 31
    TOKEN_READ   shift, and go to state 32
    TOKEN_WRITE  shift, and go to state 33
    TOKEN_IF     shift, and go to state 34
    TOKEN_FOR    shift, and go to state 35
    TOKEN_WHILE  shift, and go to state 36
    TOKEN_ID     shift, and go to state 37

    END  reduce using rule 3 (bloc_code)

    bloc_code      go to state 138
    instruction    go to state 39
    affectation    go to state 40
    variable_name  go to state 41
    ecriture       go to state 42
    lecture        go to state 43
    while          go to state 44
    for            go to state 45
    conditionnel   go to state 46


State 101

   17 variable_name: TOKEN_ID TOKEN_ACSTRUCT TOKEN_ID .

    $default  reduce using rule 17 (variable_name)


State 102

   50 expression_arithmetique: PARENTHESE_G . expression_arithmetique PARENTHESE_D

    PARENTHESE_G  shift, and go to state 102
    TOKEN_NUMBER  shift, and go to state 103

    expression_arithmetique  go to state 139
    addition                 go to state 105
    soustraction             go to state 106
    multiplication           go to state 107
    division                 go to state 108
    modulo                   go to state 109


State 103

   44 expression_arithmetique: TOKEN_NUMBER .

    $default  reduce using rule 44 (expression_arithmetique)


State 104

   16 variable_name: TOKEN_ID CROCHET_G expression_arithmetique . CROCHET_D
   51 addition: expression_arithmetique . TOKEN_ADD expression_arithmetique
   52 soustraction: expression_arithmetique . TOKEN_SOUSTR expression_arithmetique
   53 multiplication: expression_arithmetique . TOKEN_MULT expression_arithmetique
   54 division: expression_arithmetique . TOKEN_DIVIS expression_arithmetique
   55 modulo: expression_arithmetique . TOKEN_MOD expression_arithmetique

    TOKEN_ADD     shift, and go to state 140
    TOKEN_SOUSTR  shift, and go to state 141
    TOKEN_MULT    shift, and go to state 142
    TOKEN_DIVIS   shift, and go to state 143
    TOKEN_MOD     shift, and go to state 144
    CROCHET_D     shift, and go to state 145


State 105

   45 expression_arithmetique: addition .

    $default  reduce using rule 45 (expression_arithmetique)


State 106

   46 expression_arithmetique: soustraction .

    $default  reduce using rule 46 (expression_arithmetique)


State 107

   47 expression_arithmetique: multiplication .

    $default  reduce using rule 47 (expression_arithmetique)


State 108

   48 expression_arithmetique: division .

    $default  reduce using rule 48 (expression_arithmetique)


State 109

   49 expression_arithmetique: modulo .

    $default  reduce using rule 49 (expression_arithmetique)


State 110

   50 expression_arithmetique: PARENTHESE_G . expression_arithmetique PARENTHESE_D
   68 ExpBool: PARENTHESE_G . ExpBool PARENTHESE_D

    TOKEN_NOT     shift, and go to state 61
    PARENTHESE_G  shift, and go to state 110
    TOKEN_NUMBER  shift, and go to state 112
    TOKEN_FALSE   shift, and go to state 64
    TOKEN_TRUE    shift, and go to state 65
    TOKEN_ID      shift, and go to state 37

    variable_name            go to state 66
    expression_arithmetique  go to state 139
    addition                 go to state 105
    soustraction             go to state 106
    multiplication           go to state 107
    division                 go to state 108
    modulo                   go to state 109
    ExpBool                  go to state 88
    Comparaison              go to state 68
    comparable               go to state 69


State 111

   14 affectation: variable_name TOKEN_ASSIGN TOKEN_CHAR . FININSTR

    FININSTR  shift, and go to state 146


State 112

   44 expression_arithmetique: TOKEN_NUMBER .
   78 comparable: TOKEN_NUMBER .

    TOKEN_INF      reduce using rule 78 (comparable)
    TOKEN_SUP      reduce using rule 78 (comparable)
    TOKEN_INFEGAL  reduce using rule 78 (comparable)
    TOKEN_SUPEGAL  reduce using rule 78 (comparable)
    TOKEN_EGAL     reduce using rule 78 (comparable)
    TOKEN_DIFF     reduce using rule 78 (comparable)
    $default       reduce using rule 44 (expression_arithmetique)


State 113

   13 affectation: variable_name TOKEN_ASSIGN expression . FININSTR

    FININSTR  shift, and go to state 147


State 114

   42 expression: expression_arithmetique .
   51 addition: expression_arithmetique . TOKEN_ADD expression_arithmetique
   52 soustraction: expression_arithmetique . TOKEN_SOUSTR expression_arithmetique
   53 multiplication: expression_arithmetique . TOKEN_MULT expression_arithmetique
   54 division: expression_arithmetique . TOKEN_DIVIS expression_arithmetique
   55 modulo: expression_arithmetique . TOKEN_MOD expression_arithmetique

    TOKEN_ADD     shift, and go to state 140
    TOKEN_SOUSTR  shift, and go to state 141
    TOKEN_MULT    shift, and go to state 142
    TOKEN_DIVIS   shift, and go to state 143
    TOKEN_MOD     shift, and go to state 144

    $default  reduce using rule 42 (expression)


State 115

   43 expression: ExpBool .
   70 ExpBool: ExpBool . TOKEN_AND ExpBool
   71        | ExpBool . TOKEN_OR ExpBool

    TOKEN_OR   shift, and go to state 89
    TOKEN_AND  shift, and go to state 90

    $default  reduce using rule 43 (expression)


State 116

   31 DECLARE: TOKEN_STRUCT TOKEN_ID ACCOLAD_G LISTE ACCOLAD_D FININSTR .

    $default  reduce using rule 31 (DECLARE)


State 117

   34 CHAMP: TOKEN_ID NUM . FININSTR
   37      | TOKEN_ID NUM . CROCHET_G TOKEN_NUMBER CROCHET_D FININSTR

    FININSTR   shift, and go to state 148
    CROCHET_G  shift, and go to state 149


State 118

   35 CHAMP: TOKEN_ID BOOL . FININSTR
   38      | TOKEN_ID BOOL . CROCHET_G TOKEN_NUMBER CROCHET_D FININSTR

    FININSTR   shift, and go to state 150
    CROCHET_G  shift, and go to state 151


State 119

   36 CHAMP: TOKEN_ID CHAR . FININSTR
   39      | TOKEN_ID CHAR . CROCHET_G TOKEN_NUMBER CROCHET_D FININSTR

    FININSTR   shift, and go to state 152
    CROCHET_G  shift, and go to state 153


State 120

   40 CHAMP: TOKEN_ID TOKEN_ID . CROCHET_G TOKEN_NUMBER CROCHET_D FININSTR
   41      | TOKEN_ID TOKEN_ID . FININSTR

    FININSTR   shift, and go to state 154
    CROCHET_G  shift, and go to state 155


State 121

   26 DECLARE: TOKEN_ID NUM CROCHET_G TOKEN_NUMBER CROCHET_D FININSTR .

    $default  reduce using rule 26 (DECLARE)


State 122

   27 DECLARE: TOKEN_ID BOOL CROCHET_G TOKEN_NUMBER CROCHET_D FININSTR .

    $default  reduce using rule 27 (DECLARE)


State 123

   28 DECLARE: TOKEN_ID CHAR CROCHET_G TOKEN_NUMBER CROCHET_D FININSTR .

    $default  reduce using rule 28 (DECLARE)


State 124

   29 DECLARE: TOKEN_ID TOKEN_ID CROCHET_G TOKEN_NUMBER CROCHET_D FININSTR .

    $default  reduce using rule 29 (DECLARE)


State 125

   68 ExpBool: PARENTHESE_G ExpBool PARENTHESE_D .

    $default  reduce using rule 68 (ExpBool)


State 126

   70 ExpBool: ExpBool . TOKEN_AND ExpBool
   71        | ExpBool . TOKEN_OR ExpBool
   71        | ExpBool TOKEN_OR ExpBool .

    TOKEN_AND  shift, and go to state 90

    $default  reduce using rule 71 (ExpBool)


State 127

   70 ExpBool: ExpBool . TOKEN_AND ExpBool
   70        | ExpBool TOKEN_AND ExpBool .
   71        | ExpBool . TOKEN_OR ExpBool

    $default  reduce using rule 70 (ExpBool)


State 128

   62 conditionnel: TOKEN_IF ExpBool TOKEN_BEGIN bloc_code . END
   63             | TOKEN_IF ExpBool TOKEN_BEGIN bloc_code . TOKEN_ELSE bloc_code END

    TOKEN_ELSE  shift, and go to state 156
    END         shift, and go to state 157


State 129

   79 comparable: variable_name .

    $default  reduce using rule 79 (comparable)


State 130

   76 Comparaison: comparable TOKEN_INF comparable .

    $default  reduce using rule 76 (Comparaison)


State 131

   74 Comparaison: comparable TOKEN_SUP comparable .

    $default  reduce using rule 74 (Comparaison)


State 132

   77 Comparaison: comparable TOKEN_INFEGAL comparable .

    $default  reduce using rule 77 (Comparaison)


State 133

   75 Comparaison: comparable TOKEN_SUPEGAL comparable .

    $default  reduce using rule 75 (Comparaison)


State 134

   72 Comparaison: comparable TOKEN_EGAL comparable .

    $default  reduce using rule 72 (Comparaison)


State 135

   73 Comparaison: comparable TOKEN_DIFF comparable .

    $default  reduce using rule 73 (Comparaison)


State 136

   61 for: TOKEN_FOR TOKEN_ID TOKEN_IN TOKEN_ID . TOKEN_BEGIN bloc_code END

    TOKEN_BEGIN  shift, and go to state 158


State 137

   60 for: TOKEN_FOR TOKEN_ID TOKEN_FROM TOKEN_NUMBER . TOKEN_COMMA TOKEN_NUMBER TOKEN_BEGIN bloc_code END

    TOKEN_COMMA  shift, and go to state 159


State 138

   59 while: TOKEN_WHILE ExpBool TOKEN_BEGIN bloc_code . END

    END  shift, and go to state 160


State 139

   50 expression_arithmetique: PARENTHESE_G expression_arithmetique . PARENTHESE_D
   51 addition: expression_arithmetique . TOKEN_ADD expression_arithmetique
   52 soustraction: expression_arithmetique . TOKEN_SOUSTR expression_arithmetique
   53 multiplication: expression_arithmetique . TOKEN_MULT expression_arithmetique
   54 division: expression_arithmetique . TOKEN_DIVIS expression_arithmetique
   55 modulo: expression_arithmetique . TOKEN_MOD expression_arithmetique

    TOKEN_ADD     shift, and go to state 140
    TOKEN_SOUSTR  shift, and go to state 141
    TOKEN_MULT    shift, and go to state 142
    TOKEN_DIVIS   shift, and go to state 143
    TOKEN_MOD     shift, and go to state 144
    PARENTHESE_D  shift, and go to state 161


State 140

   51 addition: expression_arithmetique TOKEN_ADD . expression_arithmetique

    PARENTHESE_G  shift, and go to state 102
    TOKEN_NUMBER  shift, and go to state 103

    expression_arithmetique  go to state 162
    addition                 go to state 105
    soustraction             go to state 106
    multiplication           go to state 107
    division                 go to state 108
    modulo                   go to state 109


State 141

   52 soustraction: expression_arithmetique TOKEN_SOUSTR . expression_arithmetique

    PARENTHESE_G  shift, and go to state 102
    TOKEN_NUMBER  shift, and go to state 103

    expression_arithmetique  go to state 163
    addition                 go to state 105
    soustraction             go to state 106
    multiplication           go to state 107
    division                 go to state 108
    modulo                   go to state 109


State 142

   53 multiplication: expression_arithmetique TOKEN_MULT . expression_arithmetique

    PARENTHESE_G  shift, and go to state 102
    TOKEN_NUMBER  shift, and go to state 103

    expression_arithmetique  go to state 164
    addition                 go to state 105
    soustraction             go to state 106
    multiplication           go to state 107
    division                 go to state 108
    modulo                   go to state 109


State 143

   54 division: expression_arithmetique TOKEN_DIVIS . expression_arithmetique

    PARENTHESE_G  shift, and go to state 102
    TOKEN_NUMBER  shift, and go to state 103

    expression_arithmetique  go to state 165
    addition                 go to state 105
    soustraction             go to state 106
    multiplication           go to state 107
    division                 go to state 108
    modulo                   go to state 109


State 144

   55 modulo: expression_arithmetique TOKEN_MOD . expression_arithmetique

    PARENTHESE_G  shift, and go to state 102
    TOKEN_NUMBER  shift, and go to state 103

    expression_arithmetique  go to state 166
    addition                 go to state 105
    soustraction             go to state 106
    multiplication           go to state 107
    division                 go to state 108
    modulo                   go to state 109


State 145

   16 variable_name: TOKEN_ID CROCHET_G expression_arithmetique CROCHET_D .

    $default  reduce using rule 16 (variable_name)


State 146

   14 affectation: variable_name TOKEN_ASSIGN TOKEN_CHAR FININSTR .

    $default  reduce using rule 14 (affectation)


State 147

   13 affectation: variable_name TOKEN_ASSIGN expression FININSTR .

    $default  reduce using rule 13 (affectation)


State 148

   34 CHAMP: TOKEN_ID NUM FININSTR .

    $default  reduce using rule 34 (CHAMP)


State 149

   37 CHAMP: TOKEN_ID NUM CROCHET_G . TOKEN_NUMBER CROCHET_D FININSTR

    TOKEN_NUMBER  shift, and go to state 167


State 150

   35 CHAMP: TOKEN_ID BOOL FININSTR .

    $default  reduce using rule 35 (CHAMP)


State 151

   38 CHAMP: TOKEN_ID BOOL CROCHET_G . TOKEN_NUMBER CROCHET_D FININSTR

    TOKEN_NUMBER  shift, and go to state 168


State 152

   36 CHAMP: TOKEN_ID CHAR FININSTR .

    $default  reduce using rule 36 (CHAMP)


State 153

   39 CHAMP: TOKEN_ID CHAR CROCHET_G . TOKEN_NUMBER CROCHET_D FININSTR

    TOKEN_NUMBER  shift, and go to state 169


State 154

   41 CHAMP: TOKEN_ID TOKEN_ID FININSTR .

    $default  reduce using rule 41 (CHAMP)


State 155

   40 CHAMP: TOKEN_ID TOKEN_ID CROCHET_G . TOKEN_NUMBER CROCHET_D FININSTR

    TOKEN_NUMBER  shift, and go to state 170


State 156

   63 conditionnel: TOKEN_IF ExpBool TOKEN_BEGIN bloc_code TOKEN_ELSE . bloc_code END

    error        shift, and go to state 31
    TOKEN_READ   shift, and go to state 32
    TOKEN_WRITE  shift, and go to state 33
    TOKEN_IF     shift, and go to state 34
    TOKEN_FOR    shift, and go to state 35
    TOKEN_WHILE  shift, and go to state 36
    TOKEN_ID     shift, and go to state 37

    END  reduce using rule 3 (bloc_code)

    bloc_code      go to state 171
    instruction    go to state 39
    affectation    go to state 40
    variable_name  go to state 41
    ecriture       go to state 42
    lecture        go to state 43
    while          go to state 44
    for            go to state 45
    conditionnel   go to state 46


State 157

   62 conditionnel: TOKEN_IF ExpBool TOKEN_BEGIN bloc_code END .

    $default  reduce using rule 62 (conditionnel)


State 158

   61 for: TOKEN_FOR TOKEN_ID TOKEN_IN TOKEN_ID TOKEN_BEGIN . bloc_code END

    error        shift, and go to state 31
    TOKEN_READ   shift, and go to state 32
    TOKEN_WRITE  shift, and go to state 33
    TOKEN_IF     shift, and go to state 34
    TOKEN_FOR    shift, and go to state 35
    TOKEN_WHILE  shift, and go to state 36
    TOKEN_ID     shift, and go to state 37

    END  reduce using rule 3 (bloc_code)

    bloc_code      go to state 172
    instruction    go to state 39
    affectation    go to state 40
    variable_name  go to state 41
    ecriture       go to state 42
    lecture        go to state 43
    while          go to state 44
    for            go to state 45
    conditionnel   go to state 46


State 159

   60 for: TOKEN_FOR TOKEN_ID TOKEN_FROM TOKEN_NUMBER TOKEN_COMMA . TOKEN_NUMBER TOKEN_BEGIN bloc_code END

    TOKEN_NUMBER  shift, and go to state 173


State 160

   59 while: TOKEN_WHILE ExpBool TOKEN_BEGIN bloc_code END .

    $default  reduce using rule 59 (while)


State 161

   50 expression_arithmetique: PARENTHESE_G expression_arithmetique PARENTHESE_D .

    $default  reduce using rule 50 (expression_arithmetique)


State 162

   51 addition: expression_arithmetique . TOKEN_ADD expression_arithmetique
   51         | expression_arithmetique TOKEN_ADD expression_arithmetique .
   52 soustraction: expression_arithmetique . TOKEN_SOUSTR expression_arithmetique
   53 multiplication: expression_arithmetique . TOKEN_MULT expression_arithmetique
   54 division: expression_arithmetique . TOKEN_DIVIS expression_arithmetique
   55 modulo: expression_arithmetique . TOKEN_MOD expression_arithmetique

    TOKEN_MULT   shift, and go to state 142
    TOKEN_DIVIS  shift, and go to state 143
    TOKEN_MOD    shift, and go to state 144

    $default  reduce using rule 51 (addition)


State 163

   51 addition: expression_arithmetique . TOKEN_ADD expression_arithmetique
   52 soustraction: expression_arithmetique . TOKEN_SOUSTR expression_arithmetique
   52             | expression_arithmetique TOKEN_SOUSTR expression_arithmetique .
   53 multiplication: expression_arithmetique . TOKEN_MULT expression_arithmetique
   54 division: expression_arithmetique . TOKEN_DIVIS expression_arithmetique
   55 modulo: expression_arithmetique . TOKEN_MOD expression_arithmetique

    TOKEN_MULT   shift, and go to state 142
    TOKEN_DIVIS  shift, and go to state 143
    TOKEN_MOD    shift, and go to state 144

    $default  reduce using rule 52 (soustraction)


State 164

   51 addition: expression_arithmetique . TOKEN_ADD expression_arithmetique
   52 soustraction: expression_arithmetique . TOKEN_SOUSTR expression_arithmetique
   53 multiplication: expression_arithmetique . TOKEN_MULT expression_arithmetique
   53               | expression_arithmetique TOKEN_MULT expression_arithmetique .
   54 division: expression_arithmetique . TOKEN_DIVIS expression_arithmetique
   55 modulo: expression_arithmetique . TOKEN_MOD expression_arithmetique

    TOKEN_MOD  shift, and go to state 144

    $default  reduce using rule 53 (multiplication)


State 165

   51 addition: expression_arithmetique . TOKEN_ADD expression_arithmetique
   52 soustraction: expression_arithmetique . TOKEN_SOUSTR expression_arithmetique
   53 multiplication: expression_arithmetique . TOKEN_MULT expression_arithmetique
   54 division: expression_arithmetique . TOKEN_DIVIS expression_arithmetique
   54         | expression_arithmetique TOKEN_DIVIS expression_arithmetique .
   55 modulo: expression_arithmetique . TOKEN_MOD expression_arithmetique

    TOKEN_MOD  shift, and go to state 144

    $default  reduce using rule 54 (division)


State 166

   51 addition: expression_arithmetique . TOKEN_ADD expression_arithmetique
   52 soustraction: expression_arithmetique . TOKEN_SOUSTR expression_arithmetique
   53 multiplication: expression_arithmetique . TOKEN_MULT expression_arithmetique
   54 division: expression_arithmetique . TOKEN_DIVIS expression_arithmetique
   55 modulo: expression_arithmetique . TOKEN_MOD expression_arithmetique
   55       | expression_arithmetique TOKEN_MOD expression_arithmetique .

    TOKEN_MOD  shift, and go to state 144

    $default  reduce using rule 55 (modulo)


State 167

   37 CHAMP: TOKEN_ID NUM CROCHET_G TOKEN_NUMBER . CROCHET_D FININSTR

    CROCHET_D  shift, and go to state 174


State 168

   38 CHAMP: TOKEN_ID BOOL CROCHET_G TOKEN_NUMBER . CROCHET_D FININSTR

    CROCHET_D  shift, and go to state 175


State 169

   39 CHAMP: TOKEN_ID CHAR CROCHET_G TOKEN_NUMBER . CROCHET_D FININSTR

    CROCHET_D  shift, and go to state 176


State 170

   40 CHAMP: TOKEN_ID TOKEN_ID CROCHET_G TOKEN_NUMBER . CROCHET_D FININSTR

    CROCHET_D  shift, and go to state 177


State 171

   63 conditionnel: TOKEN_IF ExpBool TOKEN_BEGIN bloc_code TOKEN_ELSE bloc_code . END

    END  shift, and go to state 178


State 172

   61 for: TOKEN_FOR TOKEN_ID TOKEN_IN TOKEN_ID TOKEN_BEGIN bloc_code . END

    END  shift, and go to state 179


State 173

   60 for: TOKEN_FOR TOKEN_ID TOKEN_FROM TOKEN_NUMBER TOKEN_COMMA TOKEN_NUMBER . TOKEN_BEGIN bloc_code END

    TOKEN_BEGIN  shift, and go to state 180


State 174

   37 CHAMP: TOKEN_ID NUM CROCHET_G TOKEN_NUMBER CROCHET_D . FININSTR

    FININSTR  shift, and go to state 181


State 175

   38 CHAMP: TOKEN_ID BOOL CROCHET_G TOKEN_NUMBER CROCHET_D . FININSTR

    FININSTR  shift, and go to state 182


State 176

   39 CHAMP: TOKEN_ID CHAR CROCHET_G TOKEN_NUMBER CROCHET_D . FININSTR

    FININSTR  shift, and go to state 183


State 177

   40 CHAMP: TOKEN_ID TOKEN_ID CROCHET_G TOKEN_NUMBER CROCHET_D . FININSTR

    FININSTR  shift, and go to state 184


State 178

   63 conditionnel: TOKEN_IF ExpBool TOKEN_BEGIN bloc_code TOKEN_ELSE bloc_code END .

    $default  reduce using rule 63 (conditionnel)


State 179

   61 for: TOKEN_FOR TOKEN_ID TOKEN_IN TOKEN_ID TOKEN_BEGIN bloc_code END .

    $default  reduce using rule 61 (for)


State 180

   60 for: TOKEN_FOR TOKEN_ID TOKEN_FROM TOKEN_NUMBER TOKEN_COMMA TOKEN_NUMBER TOKEN_BEGIN . bloc_code END

    error        shift, and go to state 31
    TOKEN_READ   shift, and go to state 32
    TOKEN_WRITE  shift, and go to state 33
    TOKEN_IF     shift, and go to state 34
    TOKEN_FOR    shift, and go to state 35
    TOKEN_WHILE  shift, and go to state 36
    TOKEN_ID     shift, and go to state 37

    END  reduce using rule 3 (bloc_code)

    bloc_code      go to state 185
    instruction    go to state 39
    affectation    go to state 40
    variable_name  go to state 41
    ecriture       go to state 42
    lecture        go to state 43
    while          go to state 44
    for            go to state 45
    conditionnel   go to state 46


State 181

   37 CHAMP: TOKEN_ID NUM CROCHET_G TOKEN_NUMBER CROCHET_D FININSTR .

    $default  reduce using rule 37 (CHAMP)


State 182

   38 CHAMP: TOKEN_ID BOOL CROCHET_G TOKEN_NUMBER CROCHET_D FININSTR .

    $default  reduce using rule 38 (CHAMP)


State 183

   39 CHAMP: TOKEN_ID CHAR CROCHET_G TOKEN_NUMBER CROCHET_D FININSTR .

    $default  reduce using rule 39 (CHAMP)


State 184

   40 CHAMP: TOKEN_ID TOKEN_ID CROCHET_G TOKEN_NUMBER CROCHET_D FININSTR .

    $default  reduce using rule 40 (CHAMP)


State 185

   60 for: TOKEN_FOR TOKEN_ID TOKEN_FROM TOKEN_NUMBER TOKEN_COMMA TOKEN_NUMBER TOKEN_BEGIN bloc_code . END

    END  shift, and go to state 186


State 186

   60 for: TOKEN_FOR TOKEN_ID TOKEN_FROM TOKEN_NUMBER TOKEN_COMMA TOKEN_NUMBER TOKEN_BEGIN bloc_code END .

    $default  reduce using rule 60 (for)
